<?xml version="1.0" encoding="UTF-8"?>
<!-- Generated by org.testng.reporters.JUnitReportReporter -->
<testsuite hostname="PRAVEEN" failures="0" tests="1" name="com.tutorialsninja.qa.testcases.SearchTest" time="57.393" errors="0" timestamp="2023-10-28T11:54:44 IST" skipped="0">
  <testcase classname="com.tutorialsninja.qa.testcases.SearchTest" name="verifySearchWithoutAnyProduct" time="57.393"/>
</testsuite> <!-- com.tutorialsninja.qa.testcases.SearchTest -->
